Flow report for Microcomputer
Wed Sep 24 17:06:46 2014
Quartus II 64-Bit Version 14.0.0 Build 200 06/17/2014 SJ Web Edition


---------------------
; Table of Contents ;
---------------------
  1. Legal Notice
  2. Flow Summary
  3. Flow Settings
  4. Flow Non-Default Global Settings
  5. Flow Elapsed Time
  6. Flow OS Summary
  7. Flow Log
  8. Flow Messages
  9. Flow Suppressed Messages



----------------
; Legal Notice ;
----------------
Copyright (C) 1991-2014 Altera Corporation. All rights reserved.
Your use of Altera Corporation's design tools, logic functions 
and other software and tools, and its AMPP partner logic 
functions, and any output files from any of the foregoing 
(including device programming or simulation files), and any 
associated documentation or information are expressly subject 
to the terms and conditions of the Altera Program License 
Subscription Agreement, the Altera Quartus II License Agreement,
the Altera MegaCore Function License Agreement, or other 
applicable license agreement, including, without limitation, 
that your use is for the sole purpose of programming logic 
devices manufactured by Altera and sold by Altera or its 
authorized distributors.  Please refer to the applicable 
agreement for further details.



+------------------------------------------------------------------------------+
; Flow Summary                                                                 ;
+---------------------------------+--------------------------------------------+
; Flow Status                     ; Flow Failed - Wed Sep 24 17:06:46 2014     ;
; Quartus II 64-Bit Version       ; 14.0.0 Build 200 06/17/2014 SJ Web Edition ;
; Revision Name                   ; Microcomputer                              ;
; Top-level Entity Name           ; Microcomputer                              ;
; Family                          ; Cyclone V                                  ;
; Device                          ; 5CGXFC7C7F23C8                             ;
; Timing Models                   ; Final                                      ;
; Logic utilization (in ALMs)     ; 1 / 56,480 ( < 1 % )                       ;
; Total registers                 ; 0                                          ;
; Total pins                      ; 25 / 268 ( 9 % )                           ;
; Total virtual pins              ; 0                                          ;
; Total block memory bits         ; 0 / 7,024,640 ( 0 % )                      ;
; Total DSP Blocks                ; 0 / 156 ( 0 % )                            ;
; Total HSSI RX PCSs              ; 0 / 6 ( 0 % )                              ;
; Total HSSI PMA RX Deserializers ; 0 / 6 ( 0 % )                              ;
; Total HSSI TX PCSs              ; 0 / 6 ( 0 % )                              ;
; Total HSSI PMA TX Serializers   ; 0 / 6 ( 0 % )                              ;
; Total PLLs                      ; 0 / 13 ( 0 % )                             ;
; Total DLLs                      ; 0 / 4 ( 0 % )                              ;
+---------------------------------+--------------------------------------------+


+-----------------------------------------+
; Flow Settings                           ;
+-------------------+---------------------+
; Option            ; Setting             ;
+-------------------+---------------------+
; Start date & time ; 09/24/2014 17:06:37 ;
; Main task         ; Compilation         ;
; Revision Name     ; Microcomputer       ;
+-------------------+---------------------+


+-------------------------------------------------------------------------------------------------------------------------------+
; Flow Non-Default Global Settings                                                                                              ;
+-------------------------------------+----------------------------------------------+---------------+-------------+------------+
; Assignment Name                     ; Value                                        ; Default Value ; Entity Name ; Section Id ;
+-------------------------------------+----------------------------------------------+---------------+-------------+------------+
; COMPILER_SIGNATURE_ID               ; 8796747830023.141157119718410                ; --            ; --          ; --         ;
; IP_TOOL_NAME                        ; ROM: 1-PORT                                  ; --            ; --          ; --         ;
; IP_TOOL_NAME                        ; ROM: 1-PORT                                  ; --            ; --          ; --         ;
; IP_TOOL_NAME                        ; RAM: 2-PORT                                  ; --            ; --          ; --         ;
; IP_TOOL_NAME                        ; RAM: 2-PORT                                  ; --            ; --          ; --         ;
; IP_TOOL_NAME                        ; ROM: 1-PORT                                  ; --            ; --          ; --         ;
; IP_TOOL_NAME                        ; RAM: 1-PORT                                  ; --            ; --          ; --         ;
; IP_TOOL_NAME                        ; RAM: 1-PORT                                  ; --            ; --          ; --         ;
; IP_TOOL_NAME                        ; RAM: 1-PORT                                  ; --            ; --          ; --         ;
; IP_TOOL_NAME                        ; ROM: 1-PORT                                  ; --            ; --          ; --         ;
; IP_TOOL_NAME                        ; ROM: 1-PORT                                  ; --            ; --          ; --         ;
; IP_TOOL_VERSION                     ; 13.0                                         ; --            ; --          ; --         ;
; IP_TOOL_VERSION                     ; 13.0                                         ; --            ; --          ; --         ;
; IP_TOOL_VERSION                     ; 13.0                                         ; --            ; --          ; --         ;
; IP_TOOL_VERSION                     ; 13.0                                         ; --            ; --          ; --         ;
; IP_TOOL_VERSION                     ; 13.0                                         ; --            ; --          ; --         ;
; IP_TOOL_VERSION                     ; 13.0                                         ; --            ; --          ; --         ;
; IP_TOOL_VERSION                     ; 13.0                                         ; --            ; --          ; --         ;
; IP_TOOL_VERSION                     ; 13.0                                         ; --            ; --          ; --         ;
; IP_TOOL_VERSION                     ; 13.0                                         ; --            ; --          ; --         ;
; IP_TOOL_VERSION                     ; 13.0                                         ; --            ; --          ; --         ;
; MAX_CORE_JUNCTION_TEMP              ; 85                                           ; --            ; --          ; --         ;
; MIN_CORE_JUNCTION_TEMP              ; 0                                            ; --            ; --          ; --         ;
; MISC_FILE                           ; ../ROMS/6502/M6502_BASIC_ROM.cmp             ; --            ; --          ; --         ;
; MISC_FILE                           ; ../ROMS/Z80/Z80_BASIC_ROM.cmp                ; --            ; --          ; --         ;
; MISC_FILE                           ; ../Components/TERMINAL/DisplayRam1K.cmp      ; --            ; --          ; --         ;
; MISC_FILE                           ; ../Components/TERMINAL/DisplayRam2K.cmp      ; --            ; --          ; --         ;
; MISC_FILE                           ; ../Components/TERMINAL/CGABoldRomReduced.cmp ; --            ; --          ; --         ;
; MISC_FILE                           ; InternalRam1K.cmp                            ; --            ; --          ; --         ;
; MISC_FILE                           ; InternalRam2K.cmp                            ; --            ; --          ; --         ;
; MISC_FILE                           ; InternalRam4K.cmp                            ; --            ; --          ; --         ;
; MISC_FILE                           ; ../ROMS/6809/M6809_EXT_BASIC_ROM.cmp         ; --            ; --          ; --         ;
; MISC_FILE                           ; ../ROMS/Z80/Z80_CPM_BASIC_ROM.cmp            ; --            ; --          ; --         ;
; OPTIMIZE_HOLD_TIMING                ; IO Paths and Minimum TPD Paths               ; All Paths     ; --          ; --         ;
; PARTITION_COLOR                     ; 16764057                                     ; --            ; --          ; Top        ;
; PARTITION_FITTER_PRESERVATION_LEVEL ; PLACEMENT_AND_ROUTING                        ; --            ; --          ; Top        ;
; PARTITION_NETLIST_TYPE              ; SOURCE                                       ; --            ; --          ; Top        ;
; POWER_BOARD_THERMAL_MODEL           ; None (CONSERVATIVE)                          ; --            ; --          ; --         ;
; POWER_PRESET_COOLING_SOLUTION       ; 23 MM HEAT SINK WITH 200 LFPM AIRFLOW        ; --            ; --          ; --         ;
; PROJECT_OUTPUT_DIRECTORY            ; output_files                                 ; --            ; --          ; --         ;
; VHDL_SHOW_LMF_MAPPING_MESSAGES      ; Off                                          ; --            ; --          ; --         ;
+-------------------------------------+----------------------------------------------+---------------+-------------+------------+


+--------------------------------------------------------------------------------------------------------------------------+
; Flow Elapsed Time                                                                                                        ;
+----------------------+--------------+-------------------------+---------------------+------------------------------------+
; Module Name          ; Elapsed Time ; Average Processors Used ; Peak Virtual Memory ; Total CPU Time (on all processors) ;
+----------------------+--------------+-------------------------+---------------------+------------------------------------+
; Analysis & Synthesis ; 00:00:02     ; 1.0                     ; 838 MB              ; 00:00:02                           ;
; Fitter               ; 00:00:03     ; 1.0                     ; 891 MB              ; 00:00:02                           ;
; Total                ; 00:00:05     ; --                      ; --                  ; 00:00:04                           ;
+----------------------+--------------+-------------------------+---------------------+------------------------------------+


+------------------------------------------------------------------------------------------------+
; Flow OS Summary                                                                                ;
+----------------------+------------------+------------------+------------------+----------------+
; Module Name          ; Machine Hostname ; OS Name          ; OS Version       ; Processor type ;
+----------------------+------------------+------------------+------------------+----------------+
; Analysis & Synthesis ; debian           ; Debian GNU/Linux ; Debian GNU/Linux ; x86_64         ;
; Fitter               ; debian           ; Debian GNU/Linux ; Debian GNU/Linux ; x86_64         ;
+----------------------+------------------+------------------+------------------+----------------+


------------
; Flow Log ;
------------
quartus_map --read_settings_files=on --write_settings_files=off Microcomputer -c Microcomputer
quartus_fit --read_settings_files=off --write_settings_files=off Microcomputer -c Microcomputer



