Analysis & Synthesis report for Microcomputer
Wed Sep 24 17:06:40 2014
Quartus II 64-Bit Version 14.0.0 Build 200 06/17/2014 SJ Web Edition


---------------------
; Table of Contents ;
---------------------
  1. Legal Notice
  2. Analysis & Synthesis Summary
  3. Analysis & Synthesis Settings
  4. Analysis & Synthesis Source Files Read
  5. Analysis & Synthesis Resource Usage Summary
  6. Analysis & Synthesis Resource Utilization by Entity
  7. General Register Statistics
  8. Post-Synthesis Netlist Statistics for Top Partition
  9. Elapsed Time Per Partition
 10. Analysis & Synthesis Messages



----------------
; Legal Notice ;
----------------
Copyright (C) 1991-2014 Altera Corporation. All rights reserved.
Your use of Altera Corporation's design tools, logic functions 
and other software and tools, and its AMPP partner logic 
functions, and any output files from any of the foregoing 
(including device programming or simulation files), and any 
associated documentation or information are expressly subject 
to the terms and conditions of the Altera Program License 
Subscription Agreement, the Altera Quartus II License Agreement,
the Altera MegaCore Function License Agreement, or other 
applicable license agreement, including, without limitation, 
that your use is for the sole purpose of programming logic 
devices manufactured by Altera and sold by Altera or its 
authorized distributors.  Please refer to the applicable 
agreement for further details.



+------------------------------------------------------------------------------+
; Analysis & Synthesis Summary                                                 ;
+---------------------------------+--------------------------------------------+
; Analysis & Synthesis Status     ; Successful - Wed Sep 24 17:06:40 2014      ;
; Quartus II 64-Bit Version       ; 14.0.0 Build 200 06/17/2014 SJ Web Edition ;
; Revision Name                   ; Microcomputer                              ;
; Top-level Entity Name           ; Microcomputer                              ;
; Family                          ; Cyclone V                                  ;
; Logic utilization (in ALMs)     ; N/A                                        ;
; Total registers                 ; 0                                          ;
; Total pins                      ; 25                                         ;
; Total virtual pins              ; 0                                          ;
; Total block memory bits         ; 0                                          ;
; Total DSP Blocks                ; 0                                          ;
; Total HSSI RX PCSs              ; 0                                          ;
; Total HSSI PMA RX Deserializers ; 0                                          ;
; Total HSSI TX PCSs              ; 0                                          ;
; Total HSSI PMA TX Serializers   ; 0                                          ;
; Total PLLs                      ; 0                                          ;
; Total DLLs                      ; 0                                          ;
+---------------------------------+--------------------------------------------+


+---------------------------------------------------------------------------------------------------------------------------+
; Analysis & Synthesis Settings                                                                                             ;
+---------------------------------------------------------------------------------+--------------------+--------------------+
; Option                                                                          ; Setting            ; Default Value      ;
+---------------------------------------------------------------------------------+--------------------+--------------------+
; Device                                                                          ; 5CGXFC7C7F23C8     ;                    ;
; Top-level entity name                                                           ; Microcomputer      ; Microcomputer      ;
; Family name                                                                     ; Cyclone V          ; Cyclone IV GX      ;
; VHDL Show LMF Mapping Messages                                                  ; Off                ;                    ;
; Use smart compilation                                                           ; Off                ; Off                ;
; Enable parallel Assembler and TimeQuest Timing Analyzer during compilation      ; On                 ; On                 ;
; Enable compact report table                                                     ; Off                ; Off                ;
; Restructure Multiplexers                                                        ; Auto               ; Auto               ;
; MLAB Add Timing Constraints For Mixed-Port Feed-Through Mode Setting Don't Care ; Off                ; Off                ;
; Create Debugging Nodes for IP Cores                                             ; Off                ; Off                ;
; Preserve fewer node names                                                       ; On                 ; On                 ;
; Disable OpenCore Plus hardware evaluation                                       ; Off                ; Off                ;
; Verilog Version                                                                 ; Verilog_2001       ; Verilog_2001       ;
; VHDL Version                                                                    ; VHDL_1993          ; VHDL_1993          ;
; State Machine Processing                                                        ; Auto               ; Auto               ;
; Safe State Machine                                                              ; Off                ; Off                ;
; Extract Verilog State Machines                                                  ; On                 ; On                 ;
; Extract VHDL State Machines                                                     ; On                 ; On                 ;
; Ignore Verilog initial constructs                                               ; Off                ; Off                ;
; Iteration limit for constant Verilog loops                                      ; 5000               ; 5000               ;
; Iteration limit for non-constant Verilog loops                                  ; 250                ; 250                ;
; Add Pass-Through Logic to Inferred RAMs                                         ; On                 ; On                 ;
; Infer RAMs from Raw Logic                                                       ; On                 ; On                 ;
; Parallel Synthesis                                                              ; On                 ; On                 ;
; DSP Block Balancing                                                             ; Auto               ; Auto               ;
; NOT Gate Push-Back                                                              ; On                 ; On                 ;
; Power-Up Don't Care                                                             ; On                 ; On                 ;
; Remove Redundant Logic Cells                                                    ; Off                ; Off                ;
; Remove Duplicate Registers                                                      ; On                 ; On                 ;
; Ignore CARRY Buffers                                                            ; Off                ; Off                ;
; Ignore CASCADE Buffers                                                          ; Off                ; Off                ;
; Ignore GLOBAL Buffers                                                           ; Off                ; Off                ;
; Ignore ROW GLOBAL Buffers                                                       ; Off                ; Off                ;
; Ignore LCELL Buffers                                                            ; Off                ; Off                ;
; Ignore SOFT Buffers                                                             ; On                 ; On                 ;
; Limit AHDL Integers to 32 Bits                                                  ; Off                ; Off                ;
; Optimization Technique                                                          ; Balanced           ; Balanced           ;
; Carry Chain Length                                                              ; 70                 ; 70                 ;
; Auto Carry Chains                                                               ; On                 ; On                 ;
; Auto Open-Drain Pins                                                            ; On                 ; On                 ;
; Perform WYSIWYG Primitive Resynthesis                                           ; Off                ; Off                ;
; Auto ROM Replacement                                                            ; On                 ; On                 ;
; Auto RAM Replacement                                                            ; On                 ; On                 ;
; Auto DSP Block Replacement                                                      ; On                 ; On                 ;
; Auto Shift Register Replacement                                                 ; Auto               ; Auto               ;
; Allow Shift Register Merging across Hierarchies                                 ; Auto               ; Auto               ;
; Auto Clock Enable Replacement                                                   ; On                 ; On                 ;
; Strict RAM Replacement                                                          ; Off                ; Off                ;
; Allow Synchronous Control Signals                                               ; On                 ; On                 ;
; Force Use of Synchronous Clear Signals                                          ; Off                ; Off                ;
; Auto Resource Sharing                                                           ; Off                ; Off                ;
; Allow Any RAM Size For Recognition                                              ; Off                ; Off                ;
; Allow Any ROM Size For Recognition                                              ; Off                ; Off                ;
; Allow Any Shift Register Size For Recognition                                   ; Off                ; Off                ;
; Use LogicLock Constraints during Resource Balancing                             ; On                 ; On                 ;
; Ignore translate_off and synthesis_off directives                               ; Off                ; Off                ;
; Timing-Driven Synthesis                                                         ; On                 ; On                 ;
; Report Parameter Settings                                                       ; On                 ; On                 ;
; Report Source Assignments                                                       ; On                 ; On                 ;
; Report Connectivity Checks                                                      ; On                 ; On                 ;
; Ignore Maximum Fan-Out Assignments                                              ; Off                ; Off                ;
; Synchronization Register Chain Length                                           ; 3                  ; 3                  ;
; PowerPlay Power Optimization                                                    ; Normal compilation ; Normal compilation ;
; HDL message level                                                               ; Level2             ; Level2             ;
; Suppress Register Optimization Related Messages                                 ; Off                ; Off                ;
; Number of Removed Registers Reported in Synthesis Report                        ; 5000               ; 5000               ;
; Number of Swept Nodes Reported in Synthesis Report                              ; 5000               ; 5000               ;
; Number of Inverted Registers Reported in Synthesis Report                       ; 100                ; 100                ;
; Clock MUX Protection                                                            ; On                 ; On                 ;
; Auto Gated Clock Conversion                                                     ; Off                ; Off                ;
; Block Design Naming                                                             ; Auto               ; Auto               ;
; SDC constraint protection                                                       ; Off                ; Off                ;
; Synthesis Effort                                                                ; Auto               ; Auto               ;
; Shift Register Replacement - Allow Asynchronous Clear Signal                    ; On                 ; On                 ;
; Pre-Mapping Resynthesis Optimization                                            ; Off                ; Off                ;
; Analysis & Synthesis Message Level                                              ; Medium             ; Medium             ;
; Disable Register Merging Across Hierarchies                                     ; Auto               ; Auto               ;
; Resource Aware Inference For Block RAM                                          ; On                 ; On                 ;
; Synthesis Seed                                                                  ; 1                  ; 1                  ;
; Automatic Parallel Synthesis                                                    ; On                 ; On                 ;
; Partial Reconfiguration Bitstream ID                                            ; Off                ; Off                ;
+---------------------------------------------------------------------------------+--------------------+--------------------+


+------------------------------------------------------------------------------------------------------------------------------------------------+
; Analysis & Synthesis Source Files Read                                                                                                         ;
+----------------------------------+-----------------+-----------------+---------------------------------------------------------------+---------+
; File Name with User-Entered Path ; Used in Netlist ; File Type       ; File Name with Absolute Path                                  ; Library ;
+----------------------------------+-----------------+-----------------+---------------------------------------------------------------+---------+
; Microcomputer.vhd                ; yes             ; User VHDL File  ; /home/syso/Downloads/fpgacomp/Microcomputer/Microcomputer.vhd ;         ;
+----------------------------------+-----------------+-----------------+---------------------------------------------------------------+---------+


+-------------------------------------------------------------+
; Analysis & Synthesis Resource Usage Summary                 ;
+---------------------------------------------+---------------+
; Resource                                    ; Usage         ;
+---------------------------------------------+---------------+
; Estimate of Logic utilization (ALMs needed) ; 0             ;
;                                             ;               ;
; Combinational ALUT usage for logic          ; 0             ;
;     -- 7 input functions                    ; 0             ;
;     -- 6 input functions                    ; 0             ;
;     -- 5 input functions                    ; 0             ;
;     -- 4 input functions                    ; 0             ;
;     -- <=3 input functions                  ; 0             ;
;                                             ;               ;
; Dedicated logic registers                   ; 0             ;
;                                             ;               ;
; I/O pins                                    ; 25            ;
; Total DSP Blocks                            ; 0             ;
; Maximum fan-out node                        ; ps2Clk~output ;
; Maximum fan-out                             ; 1             ;
; Total fan-out                               ; 27            ;
; Average fan-out                             ; 0.52          ;
+---------------------------------------------+---------------+


+-----------------------------------------------------------------------------------------------------------------------------------------------------------+
; Analysis & Synthesis Resource Utilization by Entity                                                                                                       ;
+----------------------------+-------------------+--------------+-------------------+------------+------+--------------+---------------------+--------------+
; Compilation Hierarchy Node ; LC Combinationals ; LC Registers ; Block Memory Bits ; DSP Blocks ; Pins ; Virtual Pins ; Full Hierarchy Name ; Library Name ;
+----------------------------+-------------------+--------------+-------------------+------------+------+--------------+---------------------+--------------+
; |Microcomputer             ; 0 (0)             ; 0 (0)        ; 0                 ; 0          ; 25   ; 0            ; |Microcomputer      ; work         ;
+----------------------------+-------------------+--------------+-------------------+------------+------+--------------+---------------------+--------------+
Note: For table entries with two numbers listed, the numbers in parentheses indicate the number of resources of the given type used by the specific entity alone. The numbers listed outside of parentheses indicate the total resources of the given type used by the specific entity and all of its sub-entities in the hierarchy.


+------------------------------------------------------+
; General Register Statistics                          ;
+----------------------------------------------+-------+
; Statistic                                    ; Value ;
+----------------------------------------------+-------+
; Total registers                              ; 0     ;
; Number of registers using Synchronous Clear  ; 0     ;
; Number of registers using Synchronous Load   ; 0     ;
; Number of registers using Asynchronous Clear ; 0     ;
; Number of registers using Asynchronous Load  ; 0     ;
; Number of registers using Clock Enable       ; 0     ;
; Number of registers using Preset             ; 0     ;
+----------------------------------------------+-------+


+-----------------------------------------------------+
; Post-Synthesis Netlist Statistics for Top Partition ;
+-----------------------+-----------------------------+
; Type                  ; Count                       ;
+-----------------------+-----------------------------+
; arriav_io_obuf        ; 2                           ;
; arriav_lcell_comb     ; 2                           ;
;     normal            ; 2                           ;
;         0 data inputs ; 2                           ;
; boundary_port         ; 25                          ;
;                       ;                             ;
; Max LUT depth         ; 0.00                        ;
; Average LUT depth     ; 0.00                        ;
+-----------------------+-----------------------------+


+-------------------------------+
; Elapsed Time Per Partition    ;
+----------------+--------------+
; Partition Name ; Elapsed Time ;
+----------------+--------------+
; Top            ; 00:00:00     ;
+----------------+--------------+


+-------------------------------+
; Analysis & Synthesis Messages ;
+-------------------------------+
Info: *******************************************************************
Info: Running Quartus II 64-Bit Analysis & Synthesis
    Info: Version 14.0.0 Build 200 06/17/2014 SJ Web Edition
    Info: Processing started: Wed Sep 24 17:06:37 2014
Info: Command: quartus_map --read_settings_files=on --write_settings_files=off Microcomputer -c Microcomputer
Warning (20028): Parallel compilation is not licensed and has been disabled
Info (12021): Found 2 design units, including 1 entities, in source file /home/syso/Downloads/fpgacomp/Components/TERMINAL/SBCTextDisplayRGB.vhd
    Info (12022): Found design unit 1: SBCTextDisplayRGB-rtl
    Info (12023): Found entity 1: SBCTextDisplayRGB
Info (12021): Found 2 design units, including 1 entities, in source file /home/syso/Downloads/fpgacomp/Components/M6800/cpu68.vhd
    Info (12022): Found design unit 1: cpu68-CPU_ARCH
    Info (12023): Found entity 1: cpu68
Info (12021): Found 2 design units, including 1 entities, in source file /home/syso/Downloads/fpgacomp/Components/Z80/T80s.vhd
    Info (12022): Found design unit 1: T80s-rtl
    Info (12023): Found entity 1: T80s
Info (12021): Found 2 design units, including 1 entities, in source file /home/syso/Downloads/fpgacomp/Components/Z80/T80_Reg.vhd
    Info (12022): Found design unit 1: T80_Reg-rtl
    Info (12023): Found entity 1: T80_Reg
Info (12021): Found 1 design units, including 0 entities, in source file /home/syso/Downloads/fpgacomp/Components/Z80/T80_Pack.vhd
    Info (12022): Found design unit 1: T80_Pack
Info (12021): Found 2 design units, including 1 entities, in source file /home/syso/Downloads/fpgacomp/Components/Z80/T80_MCode.vhd
    Info (12022): Found design unit 1: T80_MCode-rtl
    Info (12023): Found entity 1: T80_MCode
Info (12021): Found 2 design units, including 1 entities, in source file /home/syso/Downloads/fpgacomp/Components/Z80/T80_ALU.vhd
    Info (12022): Found design unit 1: T80_ALU-rtl
    Info (12023): Found entity 1: T80_ALU
Info (12021): Found 2 design units, including 1 entities, in source file /home/syso/Downloads/fpgacomp/Components/Z80/T80.vhd
    Info (12022): Found design unit 1: T80-rtl
    Info (12023): Found entity 1: T80
Info (12021): Found 2 design units, including 1 entities, in source file /home/syso/Downloads/fpgacomp/Components/M6809/cpu09new.vhd
    Info (12022): Found design unit 1: cpu09-CPU_ARCH
    Info (12023): Found entity 1: cpu09
Info (12021): Found 2 design units, including 1 entities, in source file /home/syso/Downloads/fpgacomp/Components/TERMINAL/CGABoldRom.vhd
    Info (12022): Found design unit 1: cgaboldrom-SYN
    Info (12023): Found entity 1: CGABoldRom
Info (12021): Found 2 design units, including 1 entities, in source file /home/syso/Downloads/fpgacomp/Components/UART/bufferedUART.vhd
    Info (12022): Found design unit 1: bufferedUART-rtl
    Info (12023): Found entity 1: bufferedUART
Info (12021): Found 1 design units, including 0 entities, in source file /home/syso/Downloads/fpgacomp/Components/M6502/T65_Pack.vhd
    Info (12022): Found design unit 1: T65_Pack
Info (12021): Found 2 design units, including 1 entities, in source file /home/syso/Downloads/fpgacomp/Components/M6502/T65_MCode.vhd
    Info (12022): Found design unit 1: T65_MCode-rtl
    Info (12023): Found entity 1: T65_MCode
Info (12021): Found 2 design units, including 1 entities, in source file /home/syso/Downloads/fpgacomp/Components/M6502/T65_ALU.vhd
    Info (12022): Found design unit 1: T65_ALU-rtl
    Info (12023): Found entity 1: T65_ALU
Info (12021): Found 2 design units, including 1 entities, in source file /home/syso/Downloads/fpgacomp/Components/M6502/T65.vhd
    Info (12022): Found design unit 1: T65-rtl
    Info (12023): Found entity 1: T65
Info (12021): Found 2 design units, including 1 entities, in source file Microcomputer.vhd
    Info (12022): Found design unit 1: Microcomputer-struct
    Info (12023): Found entity 1: Microcomputer
Info (12021): Found 2 design units, including 1 entities, in source file /home/syso/Downloads/fpgacomp/Components/SDCARD/sd_controller.vhd
    Info (12022): Found design unit 1: sd_controller-rtl
    Info (12023): Found entity 1: sd_controller
Info (12021): Found 2 design units, including 1 entities, in source file /home/syso/Downloads/fpgacomp/ROMS/6502/M6502_BASIC_ROM.vhd
    Info (12022): Found design unit 1: m6502_basic_rom-SYN
    Info (12023): Found entity 1: M6502_BASIC_ROM
Info (12021): Found 2 design units, including 1 entities, in source file /home/syso/Downloads/fpgacomp/ROMS/Z80/Z80_BASIC_ROM.vhd
    Info (12022): Found design unit 1: z80_basic_rom-SYN
    Info (12023): Found entity 1: Z80_BASIC_ROM
Info (12021): Found 2 design units, including 1 entities, in source file /home/syso/Downloads/fpgacomp/Components/TERMINAL/DisplayRam1K.vhd
    Info (12022): Found design unit 1: displayram1k-SYN
    Info (12023): Found entity 1: DisplayRam1K
Info (12021): Found 2 design units, including 1 entities, in source file /home/syso/Downloads/fpgacomp/Components/TERMINAL/DisplayRam2K.vhd
    Info (12022): Found design unit 1: displayram2k-SYN
    Info (12023): Found entity 1: DisplayRam2K
Info (12021): Found 2 design units, including 1 entities, in source file /home/syso/Downloads/fpgacomp/Components/TERMINAL/CGABoldRomReduced.vhd
    Info (12022): Found design unit 1: cgaboldromreduced-SYN
    Info (12023): Found entity 1: CGABoldRomReduced
Info (12021): Found 2 design units, including 1 entities, in source file InternalRam1K.vhd
    Info (12022): Found design unit 1: internalram1k-SYN
    Info (12023): Found entity 1: InternalRam1K
Info (12021): Found 2 design units, including 1 entities, in source file InternalRam2K.vhd
    Info (12022): Found design unit 1: internalram2k-SYN
    Info (12023): Found entity 1: InternalRam2K
Info (12021): Found 2 design units, including 1 entities, in source file InternalRam4K.vhd
    Info (12022): Found design unit 1: internalram4k-SYN
    Info (12023): Found entity 1: InternalRam4K
Info (12021): Found 2 design units, including 1 entities, in source file /home/syso/Downloads/fpgacomp/ROMS/6809/M6809_EXT_BASIC_ROM.vhd
    Info (12022): Found design unit 1: m6809_ext_basic_rom-SYN
    Info (12023): Found entity 1: M6809_EXT_BASIC_ROM
Info (12021): Found 2 design units, including 1 entities, in source file /home/syso/Downloads/fpgacomp/ROMS/Z80/Z80_CPM_BASIC_ROM.vhd
    Info (12022): Found design unit 1: z80_cpm_basic_rom-SYN
    Info (12023): Found entity 1: Z80_CPM_BASIC_ROM
Info (12127): Elaborating entity "Microcomputer" for the top level hierarchy
Warning (10541): VHDL Signal Declaration warning at Microcomputer.vhd(34): used implicit default value for signal "txd1" because signal was never assigned a value or an explicit default value. Use of implicit default value may introduce unintended design optimizations.
Warning (10541): VHDL Signal Declaration warning at Microcomputer.vhd(35): used implicit default value for signal "rts1" because signal was never assigned a value or an explicit default value. Use of implicit default value may introduce unintended design optimizations.
Warning (10541): VHDL Signal Declaration warning at Microcomputer.vhd(38): used implicit default value for signal "txd2" because signal was never assigned a value or an explicit default value. Use of implicit default value may introduce unintended design optimizations.
Warning (10541): VHDL Signal Declaration warning at Microcomputer.vhd(39): used implicit default value for signal "rts2" because signal was never assigned a value or an explicit default value. Use of implicit default value may introduce unintended design optimizations.
Warning (10541): VHDL Signal Declaration warning at Microcomputer.vhd(41): used implicit default value for signal "videoSync" because signal was never assigned a value or an explicit default value. Use of implicit default value may introduce unintended design optimizations.
Warning (10541): VHDL Signal Declaration warning at Microcomputer.vhd(42): used implicit default value for signal "video" because signal was never assigned a value or an explicit default value. Use of implicit default value may introduce unintended design optimizations.
Warning (10541): VHDL Signal Declaration warning at Microcomputer.vhd(44): used implicit default value for signal "videoR0" because signal was never assigned a value or an explicit default value. Use of implicit default value may introduce unintended design optimizations.
Warning (10541): VHDL Signal Declaration warning at Microcomputer.vhd(45): used implicit default value for signal "videoG0" because signal was never assigned a value or an explicit default value. Use of implicit default value may introduce unintended design optimizations.
Warning (10541): VHDL Signal Declaration warning at Microcomputer.vhd(46): used implicit default value for signal "videoB0" because signal was never assigned a value or an explicit default value. Use of implicit default value may introduce unintended design optimizations.
Warning (10541): VHDL Signal Declaration warning at Microcomputer.vhd(47): used implicit default value for signal "videoR1" because signal was never assigned a value or an explicit default value. Use of implicit default value may introduce unintended design optimizations.
Warning (10541): VHDL Signal Declaration warning at Microcomputer.vhd(48): used implicit default value for signal "videoG1" because signal was never assigned a value or an explicit default value. Use of implicit default value may introduce unintended design optimizations.
Warning (10541): VHDL Signal Declaration warning at Microcomputer.vhd(49): used implicit default value for signal "videoB1" because signal was never assigned a value or an explicit default value. Use of implicit default value may introduce unintended design optimizations.
Warning (10541): VHDL Signal Declaration warning at Microcomputer.vhd(50): used implicit default value for signal "hSync" because signal was never assigned a value or an explicit default value. Use of implicit default value may introduce unintended design optimizations.
Warning (10541): VHDL Signal Declaration warning at Microcomputer.vhd(51): used implicit default value for signal "vSync" because signal was never assigned a value or an explicit default value. Use of implicit default value may introduce unintended design optimizations.
Warning (10541): VHDL Signal Declaration warning at Microcomputer.vhd(56): used implicit default value for signal "sdCS" because signal was never assigned a value or an explicit default value. Use of implicit default value may introduce unintended design optimizations.
Warning (10541): VHDL Signal Declaration warning at Microcomputer.vhd(57): used implicit default value for signal "sdMOSI" because signal was never assigned a value or an explicit default value. Use of implicit default value may introduce unintended design optimizations.
Warning (10541): VHDL Signal Declaration warning at Microcomputer.vhd(59): used implicit default value for signal "sdSCLK" because signal was never assigned a value or an explicit default value. Use of implicit default value may introduce unintended design optimizations.
Warning (10540): VHDL Signal Declaration warning at Microcomputer.vhd(60): used explicit default value for signal "driveLED" because signal was never assigned a value
Warning (13039): The following bidir pins have no drivers
    Warning (13040): Bidir "ps2Clk" has no driver
    Warning (13040): Bidir "ps2Data" has no driver
Warning (13024): Output pins are stuck at VCC or GND
    Warning (13410): Pin "txd1" is stuck at GND
    Warning (13410): Pin "rts1" is stuck at GND
    Warning (13410): Pin "txd2" is stuck at GND
    Warning (13410): Pin "rts2" is stuck at GND
    Warning (13410): Pin "videoSync" is stuck at GND
    Warning (13410): Pin "video" is stuck at GND
    Warning (13410): Pin "videoR0" is stuck at GND
    Warning (13410): Pin "videoG0" is stuck at GND
    Warning (13410): Pin "videoB0" is stuck at GND
    Warning (13410): Pin "videoR1" is stuck at GND
    Warning (13410): Pin "videoG1" is stuck at GND
    Warning (13410): Pin "videoB1" is stuck at GND
    Warning (13410): Pin "hSync" is stuck at GND
    Warning (13410): Pin "vSync" is stuck at GND
    Warning (13410): Pin "sdCS" is stuck at GND
    Warning (13410): Pin "sdMOSI" is stuck at GND
    Warning (13410): Pin "sdSCLK" is stuck at GND
    Warning (13410): Pin "driveLED" is stuck at VCC
Info (16010): Generating hard_block partition "hard_block:auto_generated_inst"
    Info (16011): Adding 0 node(s), including 0 DDIO, 0 PLL, 0 transceiver and 0 LCELL
Warning (21074): Design contains 5 input pin(s) that do not drive logic
    Warning (15610): No output dependent on input pin "n_reset"
    Warning (15610): No output dependent on input pin "clk"
    Warning (15610): No output dependent on input pin "rxd1"
    Warning (15610): No output dependent on input pin "rxd2"
    Warning (15610): No output dependent on input pin "sdMISO"
Info (21057): Implemented 25 device resources after synthesis - the final resource count might be different
    Info (21058): Implemented 5 input pins
    Info (21059): Implemented 18 output pins
    Info (21060): Implemented 2 bidirectional pins
Info: Quartus II 64-Bit Analysis & Synthesis was successful. 0 errors, 47 warnings
    Info: Peak virtual memory: 864 megabytes
    Info: Processing ended: Wed Sep 24 17:06:40 2014
    Info: Elapsed time: 00:00:03
    Info: Total CPU time (on all processors): 00:00:02


